0 info it worked if it ends with ok
1 verbose cli [ 'node',
1 verbose cli   '/usr/local/bin/npm',
1 verbose cli   'install',
1 verbose cli   'fontawesome',
1 verbose cli   '--save-dev' ]
2 info using npm@1.4.28
3 info using node@v0.10.32
4 warn package.json @ No repository field.
5 verbose readDependencies using package.json deps
6 verbose cache add [ 'fontawesome', null ]
7 verbose cache add name=undefined spec="fontawesome" args=["fontawesome",null]
8 verbose parsed url { protocol: null,
8 verbose parsed url   slashes: null,
8 verbose parsed url   auth: null,
8 verbose parsed url   host: null,
8 verbose parsed url   port: null,
8 verbose parsed url   hostname: null,
8 verbose parsed url   hash: null,
8 verbose parsed url   search: null,
8 verbose parsed url   query: null,
8 verbose parsed url   pathname: 'fontawesome',
8 verbose parsed url   path: 'fontawesome',
8 verbose parsed url   href: 'fontawesome' }
9 silly lockFile 92da89aa-fontawesome fontawesome
10 verbose lock fontawesome /Users/leofulgencio/.npm/92da89aa-fontawesome.lock
11 silly lockFile 92da89aa-fontawesome fontawesome
12 silly lockFile 92da89aa-fontawesome fontawesome
13 verbose addNamed [ 'fontawesome', '' ]
14 verbose addNamed [ null, '*' ]
15 silly lockFile 65fa7e33-fontawesome fontawesome@
16 verbose lock fontawesome@ /Users/leofulgencio/.npm/65fa7e33-fontawesome.lock
17 silly addNameRange { name: 'fontawesome', range: '*', hasData: false }
18 verbose request where is /fontawesome
19 verbose request registry https://registry.npmjs.org/
20 verbose request id 54075ef8cdac379f
21 verbose url raw /fontawesome
22 verbose url resolving [ 'https://registry.npmjs.org/', './fontawesome' ]
23 verbose url resolved https://registry.npmjs.org/fontawesome
24 verbose request where is https://registry.npmjs.org/fontawesome
25 info trying registry request attempt 1 at 07:11:01
26 http GET https://registry.npmjs.org/fontawesome
27 http 404 https://registry.npmjs.org/fontawesome
28 verbose headers { date: 'Sat, 22 Nov 2014 12:10:58 GMT',
28 verbose headers   server: 'CouchDB/1.5.0 (Erlang OTP/R16B03)',
28 verbose headers   'content-type': 'application/json',
28 verbose headers   'cache-control': 'max-age=0',
28 verbose headers   'content-length': '52',
28 verbose headers   'accept-ranges': 'bytes',
28 verbose headers   via: '1.1 varnish',
28 verbose headers   age: '0',
28 verbose headers   'x-served-by': 'cache-iad2122-IAD',
28 verbose headers   'x-cache': 'MISS',
28 verbose headers   'x-cache-hits': '0',
28 verbose headers   'x-timer': 'S1416658258.229164,VS0,VE56',
28 verbose headers   'keep-alive': 'timeout=10, max=50',
28 verbose headers   connection: 'Keep-Alive' }
29 silly registry.get cb [ 404,
29 silly registry.get   { date: 'Sat, 22 Nov 2014 12:10:58 GMT',
29 silly registry.get     server: 'CouchDB/1.5.0 (Erlang OTP/R16B03)',
29 silly registry.get     'content-type': 'application/json',
29 silly registry.get     'cache-control': 'max-age=0',
29 silly registry.get     'content-length': '52',
29 silly registry.get     'accept-ranges': 'bytes',
29 silly registry.get     via: '1.1 varnish',
29 silly registry.get     age: '0',
29 silly registry.get     'x-served-by': 'cache-iad2122-IAD',
29 silly registry.get     'x-cache': 'MISS',
29 silly registry.get     'x-cache-hits': '0',
29 silly registry.get     'x-timer': 'S1416658258.229164,VS0,VE56',
29 silly registry.get     'keep-alive': 'timeout=10, max=50',
29 silly registry.get     connection: 'Keep-Alive' } ]
30 silly lockFile 65fa7e33-fontawesome fontawesome@
31 silly lockFile 65fa7e33-fontawesome fontawesome@
32 error 404 404 Not Found: fontawesome
32 error 404
32 error 404 'fontawesome' is not in the npm registry.
32 error 404 You should bug the author to publish it
32 error 404
32 error 404 Note that you can also install from a
32 error 404 tarball, folder, or http url, or git url.
33 error System Darwin 14.0.0
34 error command "node" "/usr/local/bin/npm" "install" "fontawesome" "--save-dev"
35 error cwd /Users/leofulgencio/Sites/smartscout-dev
36 error node -v v0.10.32
37 error npm -v 1.4.28
38 error code E404
39 verbose exit [ 1, true ]
